0 info it worked if it ends with ok
1 verbose cli [ '/usr/local/bin/node',
1 verbose cli   '/usr/local/bin/npm',
1 verbose cli   'install',
1 verbose cli   'redux-mock-store@1.0.3',
1 verbose cli   '--save-dev' ]
2 info using npm@2.14.12
3 info using node@v4.2.4
4 verbose install initial load of /Users/christinareilly/Documents/projects/react_projects/React_Todo/package.json
5 warn package.json boilerplate@1.0.0 No repository field.
6 verbose installManyTop reading scoped package data from /Users/christinareilly/Documents/projects/react_projects/React_Todo/node_modules/axios/package.json
7 verbose installManyTop reading scoped package data from /Users/christinareilly/Documents/projects/react_projects/React_Todo/node_modules/babel-core/package.json
8 verbose installManyTop reading scoped package data from /Users/christinareilly/Documents/projects/react_projects/React_Todo/node_modules/babel-loader/package.json
9 verbose installManyTop reading scoped package data from /Users/christinareilly/Documents/projects/react_projects/React_Todo/node_modules/babel-preset-es2015/package.json
10 verbose installManyTop reading scoped package data from /Users/christinareilly/Documents/projects/react_projects/React_Todo/node_modules/babel-preset-react/package.json
11 verbose installManyTop reading scoped package data from /Users/christinareilly/Documents/projects/react_projects/React_Todo/node_modules/babel-preset-stage-0/package.json
12 verbose installManyTop reading scoped package data from /Users/christinareilly/Documents/projects/react_projects/React_Todo/node_modules/css-loader/package.json
13 verbose installManyTop reading scoped package data from /Users/christinareilly/Documents/projects/react_projects/React_Todo/node_modules/deep-freeze-strict/package.json
14 verbose installManyTop reading scoped package data from /Users/christinareilly/Documents/projects/react_projects/React_Todo/node_modules/expect/package.json
15 verbose installManyTop reading scoped package data from /Users/christinareilly/Documents/projects/react_projects/React_Todo/node_modules/express/package.json
16 verbose installManyTop reading scoped package data from /Users/christinareilly/Documents/projects/react_projects/React_Todo/node_modules/firebase/package.json
17 verbose installManyTop reading scoped package data from /Users/christinareilly/Documents/projects/react_projects/React_Todo/node_modules/foundation-sites/package.json
18 verbose installManyTop reading scoped package data from /Users/christinareilly/Documents/projects/react_projects/React_Todo/node_modules/jquery/package.json
19 verbose installManyTop reading scoped package data from /Users/christinareilly/Documents/projects/react_projects/React_Todo/node_modules/karma/package.json
20 verbose installManyTop reading scoped package data from /Users/christinareilly/Documents/projects/react_projects/React_Todo/node_modules/karma-chrome-launcher/package.json
21 verbose installManyTop reading scoped package data from /Users/christinareilly/Documents/projects/react_projects/React_Todo/node_modules/karma-mocha/package.json
22 verbose installManyTop reading scoped package data from /Users/christinareilly/Documents/projects/react_projects/React_Todo/node_modules/karma-mocha-reporter/package.json
23 verbose installManyTop reading scoped package data from /Users/christinareilly/Documents/projects/react_projects/React_Todo/node_modules/karma-sourcemap-loader/package.json
24 verbose installManyTop reading scoped package data from /Users/christinareilly/Documents/projects/react_projects/React_Todo/node_modules/karma-webpack/package.json
25 verbose installManyTop reading scoped package data from /Users/christinareilly/Documents/projects/react_projects/React_Todo/node_modules/mocha/package.json
26 verbose installManyTop reading scoped package data from /Users/christinareilly/Documents/projects/react_projects/React_Todo/node_modules/moment/package.json
27 verbose installManyTop reading scoped package data from /Users/christinareilly/Documents/projects/react_projects/React_Todo/node_modules/node-sass/package.json
28 verbose installManyTop reading scoped package data from /Users/christinareilly/Documents/projects/react_projects/React_Todo/node_modules/node-uuid/package.json
29 verbose installManyTop reading scoped package data from /Users/christinareilly/Documents/projects/react_projects/React_Todo/node_modules/react/package.json
30 verbose installManyTop reading scoped package data from /Users/christinareilly/Documents/projects/react_projects/React_Todo/node_modules/react-addons-test-utils/package.json
31 verbose installManyTop reading scoped package data from /Users/christinareilly/Documents/projects/react_projects/React_Todo/node_modules/react-dom/package.json
32 verbose installManyTop reading scoped package data from /Users/christinareilly/Documents/projects/react_projects/React_Todo/node_modules/react-redux/package.json
33 verbose installManyTop reading scoped package data from /Users/christinareilly/Documents/projects/react_projects/React_Todo/node_modules/react-router/package.json
34 verbose installManyTop reading scoped package data from /Users/christinareilly/Documents/projects/react_projects/React_Todo/node_modules/redux/package.json
35 verbose installManyTop reading scoped package data from /Users/christinareilly/Documents/projects/react_projects/React_Todo/node_modules/redux-thunk/package.json
36 verbose installManyTop reading scoped package data from /Users/christinareilly/Documents/projects/react_projects/React_Todo/node_modules/sass-loader/package.json
37 verbose installManyTop reading scoped package data from /Users/christinareilly/Documents/projects/react_projects/React_Todo/node_modules/script-loader/package.json
38 verbose installManyTop reading scoped package data from /Users/christinareilly/Documents/projects/react_projects/React_Todo/node_modules/style-loader/package.json
39 verbose installManyTop reading scoped package data from /Users/christinareilly/Documents/projects/react_projects/React_Todo/node_modules/webpack/package.json
40 info package.json node-uuid@1.4.7 No license field.
41 info package.json script-loader@0.6.1 No license field.
42 info package.json firebase@3.0.2 No license field.
43 info package.json deep-freeze-strict@1.1.1 license should be a valid SPDX license expression
44 verbose readDependencies loading dependencies from /Users/christinareilly/Documents/projects/react_projects/React_Todo/package.json
45 silly cache add args [ 'redux-mock-store@1.0.3', null ]
46 verbose cache add spec redux-mock-store@1.0.3
47 silly cache add parsed spec Result {
47 silly cache add   raw: 'redux-mock-store@1.0.3',
47 silly cache add   scope: null,
47 silly cache add   name: 'redux-mock-store',
47 silly cache add   rawSpec: '1.0.3',
47 silly cache add   spec: '1.0.3',
47 silly cache add   type: 'version' }
48 silly addNamed redux-mock-store@1.0.3
49 verbose addNamed "1.0.3" is a plain semver version for redux-mock-store
50 silly mapToRegistry name redux-mock-store
51 silly mapToRegistry using default registry
52 silly mapToRegistry registry https://registry.npmjs.org/
53 silly mapToRegistry uri https://registry.npmjs.org/redux-mock-store
54 verbose addNameVersion registry:https://registry.npmjs.org/redux-mock-store not in flight; fetching
55 verbose request uri https://registry.npmjs.org/redux-mock-store
56 verbose request no auth needed
57 info attempt registry request try #1 at 2:40:46 PM
58 verbose request id 5cfa8cb978492bca
59 http request GET https://registry.npmjs.org/redux-mock-store
60 http 200 https://registry.npmjs.org/redux-mock-store
61 verbose headers { server: 'CouchDB/1.5.0 (Erlang OTP/R16B03)',
61 verbose headers   etag: '"C3ZLL7BBLPSLA4BPQAI8LWKGE"',
61 verbose headers   'content-type': 'application/json',
61 verbose headers   'content-encoding': 'gzip',
61 verbose headers   'cache-control': 'max-age=300',
61 verbose headers   'content-length': '3336',
61 verbose headers   'accept-ranges': 'bytes',
61 verbose headers   date: 'Mon, 06 Jun 2016 19:40:48 GMT',
61 verbose headers   via: '1.1 varnish',
61 verbose headers   age: '1',
61 verbose headers   connection: 'keep-alive',
61 verbose headers   'x-served-by': 'cache-dfw1825-DFW',
61 verbose headers   'x-cache': 'HIT',
61 verbose headers   'x-cache-hits': '1',
61 verbose headers   'x-timer': 'S1465242048.641521,VS0,VE0',
61 verbose headers   vary: 'Accept-Encoding' }
62 silly get cb [ 200,
62 silly get   { server: 'CouchDB/1.5.0 (Erlang OTP/R16B03)',
62 silly get     etag: '"C3ZLL7BBLPSLA4BPQAI8LWKGE"',
62 silly get     'content-type': 'application/json',
62 silly get     'content-encoding': 'gzip',
62 silly get     'cache-control': 'max-age=300',
62 silly get     'content-length': '3336',
62 silly get     'accept-ranges': 'bytes',
62 silly get     date: 'Mon, 06 Jun 2016 19:40:48 GMT',
62 silly get     via: '1.1 varnish',
62 silly get     age: '1',
62 silly get     connection: 'keep-alive',
62 silly get     'x-served-by': 'cache-dfw1825-DFW',
62 silly get     'x-cache': 'HIT',
62 silly get     'x-cache-hits': '1',
62 silly get     'x-timer': 'S1465242048.641521,VS0,VE0',
62 silly get     vary: 'Accept-Encoding' } ]
63 verbose get saving redux-mock-store to /Users/christinareilly/.npm/registry.npmjs.org/redux-mock-store/.cache.json
64 silly mapToRegistry name redux-mock-store
65 silly mapToRegistry using default registry
66 silly mapToRegistry registry https://registry.npmjs.org/
67 silly mapToRegistry uri https://registry.npmjs.org/redux-mock-store
68 verbose addRemoteTarball https://registry.npmjs.org/redux-mock-store/-/redux-mock-store-1.0.3.tgz not in flight; adding
69 verbose addRemoteTarball [ 'https://registry.npmjs.org/redux-mock-store/-/redux-mock-store-1.0.3.tgz',
69 verbose addRemoteTarball   'e6183e80bee3a3eedb3f4eda9c18bcb197c9a021' ]
70 info retry fetch attempt 1 at 2:40:48 PM
71 info attempt registry request try #1 at 2:40:48 PM
72 http fetch GET https://registry.npmjs.org/redux-mock-store/-/redux-mock-store-1.0.3.tgz
73 http fetch 200 https://registry.npmjs.org/redux-mock-store/-/redux-mock-store-1.0.3.tgz
74 silly fetchAndShaCheck shasum e6183e80bee3a3eedb3f4eda9c18bcb197c9a021
75 verbose addTmpTarball /var/folders/qs/b_d_g7yj34d3y1x62l8thq7r0000gn/T/npm-7062-d96febc1/registry.npmjs.org/redux-mock-store/-/redux-mock-store-1.0.3.tgz not in flight; adding
76 verbose addTmpTarball already have metadata; skipping unpack for redux-mock-store@1.0.3
77 silly cache afterAdd redux-mock-store@1.0.3
78 verbose afterAdd /Users/christinareilly/.npm/redux-mock-store/1.0.3/package/package.json not in flight; writing
79 verbose afterAdd /Users/christinareilly/.npm/redux-mock-store/1.0.3/package/package.json written
80 silly install resolved [ { name: 'redux-mock-store',
80 silly install resolved     version: '1.0.3',
80 silly install resolved     description: '[![Circle CI](https://circleci.com/gh/arnaudbenard/redux-mock-store/tree/master.svg?style=svg)](https://circleci.com/gh/arnaudbenard/redux-mock-store/tree/master)',
80 silly install resolved     main: 'lib/index.js',
80 silly install resolved     typings: './index.d.ts',
80 silly install resolved     scripts:
80 silly install resolved      { prepublish: 'rimraf lib && babel src --out-dir lib',
80 silly install resolved        test: 'mocha --compilers js:babel/register --reporter spec test/*.js' },
80 silly install resolved     repository:
80 silly install resolved      { type: 'git',
80 silly install resolved        url: 'git+https://github.com/arnaudbenard/redux-mock-store.git' },
80 silly install resolved     author: { name: 'Arnaud Benard', email: 'arnaudm.benard@gmail.com' },
80 silly install resolved     license: 'MIT',
80 silly install resolved     bugs: { url: 'https://github.com/arnaudbenard/redux-mock-store/issues' },
80 silly install resolved     homepage: 'https://github.com/arnaudbenard/redux-mock-store#readme',
80 silly install resolved     devDependencies:
80 silly install resolved      { babel: '^5.8.29',
80 silly install resolved        expect: '^1.12.2',
80 silly install resolved        mocha: '^2.3.3',
80 silly install resolved        redux: '^3.0.4',
80 silly install resolved        'redux-thunk': '^2.0.1',
80 silly install resolved        rimraf: '^2.4.3',
80 silly install resolved        sinon: '^1.17.2' },
80 silly install resolved     gitHead: '13c7e896d039b7190eee0c9c1960b6af90757f63',
80 silly install resolved     _id: 'redux-mock-store@1.0.3',
80 silly install resolved     _shasum: 'e6183e80bee3a3eedb3f4eda9c18bcb197c9a021',
80 silly install resolved     _from: 'redux-mock-store@1.0.3',
80 silly install resolved     _npmVersion: '3.3.12',
80 silly install resolved     _nodeVersion: '5.1.0',
80 silly install resolved     _npmUser: { name: 'arnaudbenard', email: 'arnaudbenard13@gmail.com' },
80 silly install resolved     dist:
80 silly install resolved      { shasum: 'e6183e80bee3a3eedb3f4eda9c18bcb197c9a021',
80 silly install resolved        tarball: 'https://registry.npmjs.org/redux-mock-store/-/redux-mock-store-1.0.3.tgz' },
80 silly install resolved     maintainers: [ [Object] ],
80 silly install resolved     _npmOperationalInternal:
80 silly install resolved      { host: 'packages-12-west.internal.npmjs.com',
80 silly install resolved        tmp: 'tmp/redux-mock-store-1.0.3.tgz_1463732675416_0.4099264235701412' },
80 silly install resolved     directories: {},
80 silly install resolved     _resolved: 'https://registry.npmjs.org/redux-mock-store/-/redux-mock-store-1.0.3.tgz' } ]
81 info install redux-mock-store@1.0.3 into /Users/christinareilly/Documents/projects/react_projects/React_Todo
82 info installOne redux-mock-store@1.0.3
83 verbose installOne of redux-mock-store to /Users/christinareilly/Documents/projects/react_projects/React_Todo not in flight; installing
84 verbose lock using /Users/christinareilly/.npm/_locks/redux-mock-store-33ba82011d983d32.lock for /Users/christinareilly/Documents/projects/react_projects/React_Todo/node_modules/redux-mock-store
85 silly install write writing redux-mock-store 1.0.3 to /Users/christinareilly/Documents/projects/react_projects/React_Todo/node_modules/redux-mock-store
86 verbose unbuild node_modules/redux-mock-store
87 silly gentlyRm /Users/christinareilly/Documents/projects/react_projects/React_Todo/node_modules/redux-mock-store is being purged from base /Users/christinareilly/Documents/projects/react_projects/React_Todo
88 verbose gentlyRm don't care about contents; nuking /Users/christinareilly/Documents/projects/react_projects/React_Todo/node_modules/redux-mock-store
89 verbose tar unpack /Users/christinareilly/.npm/redux-mock-store/1.0.3/package.tgz
90 verbose tar unpacking to /Users/christinareilly/Documents/projects/react_projects/React_Todo/node_modules/redux-mock-store
91 silly gentlyRm /Users/christinareilly/Documents/projects/react_projects/React_Todo/node_modules/redux-mock-store is being purged
92 verbose gentlyRm don't care about contents; nuking /Users/christinareilly/Documents/projects/react_projects/React_Todo/node_modules/redux-mock-store
93 silly gunzTarPerm modes [ '755', '644' ]
94 silly gunzTarPerm extractEntry package.json
95 silly gunzTarPerm extractEntry .npmignore
96 silly gunzTarPerm extractEntry README.md
97 silly gunzTarPerm extractEntry index.d.ts
98 silly gunzTarPerm extractEntry lib/index.js
99 silly gunzTarPerm extractEntry LICENSE.md
100 silly gunzTarPerm extractEntry test/index.js
101 silly gunzTarPerm extractEntry test/mock/middleware.js
102 verbose write writing to /Users/christinareilly/Documents/projects/react_projects/React_Todo/node_modules/redux-mock-store/package.json
103 info preinstall redux-mock-store@1.0.3
104 verbose readDependencies loading dependencies from /Users/christinareilly/Documents/projects/react_projects/React_Todo/node_modules/redux-mock-store/package.json
105 verbose readDependencies loading dependencies from /Users/christinareilly/Documents/projects/react_projects/React_Todo/node_modules/redux-mock-store/package.json
106 silly install resolved []
107 verbose about to build /Users/christinareilly/Documents/projects/react_projects/React_Todo/node_modules/redux-mock-store
108 info build /Users/christinareilly/Documents/projects/react_projects/React_Todo/node_modules/redux-mock-store
109 info linkStuff redux-mock-store@1.0.3
110 silly linkStuff redux-mock-store@1.0.3 has /Users/christinareilly/Documents/projects/react_projects/React_Todo/node_modules as its parent node_modules
111 verbose linkBins redux-mock-store@1.0.3
112 verbose linkMans redux-mock-store@1.0.3
113 verbose rebuildBundles redux-mock-store@1.0.3
114 info install redux-mock-store@1.0.3
115 info postinstall redux-mock-store@1.0.3
116 verbose unlock done using /Users/christinareilly/.npm/_locks/redux-mock-store-33ba82011d983d32.lock for /Users/christinareilly/Documents/projects/react_projects/React_Todo/node_modules/redux-mock-store
117 verbose validateInstall loading /Users/christinareilly/Documents/projects/react_projects/React_Todo/package.json for validation
118 verbose stack Error: The package react@0.14.8 does not satisfy its siblings' peerDependencies requirements!
118 verbose stack     at /usr/local/lib/node_modules/npm/lib/install.js:125:32
118 verbose stack     at /usr/local/lib/node_modules/npm/lib/install.js:268:7
118 verbose stack     at /usr/local/lib/node_modules/npm/node_modules/read-installed/read-installed.js:142:5
118 verbose stack     at /usr/local/lib/node_modules/npm/node_modules/read-installed/read-installed.js:263:14
118 verbose stack     at cb (/usr/local/lib/node_modules/npm/node_modules/slide/lib/async-map.js:47:24)
118 verbose stack     at /usr/local/lib/node_modules/npm/node_modules/read-installed/read-installed.js:263:14
118 verbose stack     at cb (/usr/local/lib/node_modules/npm/node_modules/slide/lib/async-map.js:47:24)
118 verbose stack     at /usr/local/lib/node_modules/npm/node_modules/read-installed/read-installed.js:263:14
118 verbose stack     at cb (/usr/local/lib/node_modules/npm/node_modules/slide/lib/async-map.js:47:24)
118 verbose stack     at /usr/local/lib/node_modules/npm/node_modules/read-installed/read-installed.js:263:14
119 verbose cwd /Users/christinareilly/Documents/projects/react_projects/React_Todo
120 error Darwin 15.3.0
121 error argv "/usr/local/bin/node" "/usr/local/bin/npm" "install" "redux-mock-store@1.0.3" "--save-dev"
122 error node v4.2.4
123 error npm  v2.14.12
124 error code EPEERINVALID
125 error peerinvalid The package react@0.14.8 does not satisfy its siblings' peerDependencies requirements!
125 error peerinvalid Peer react-dom@0.14.8 wants react@^0.14.8
125 error peerinvalid Peer react-router@2.4.0 wants react@^0.14.0 || ^15.0.0
125 error peerinvalid Peer react-addons-test-utils@15.0.2 wants react@^15.0.2
125 error peerinvalid Peer react-redux@4.4.1 wants react@^0.14.0 || ^15.0.0-rc.1
126 verbose exit [ 1, true ]
